<?xml version="1.0" encoding="UTF-8"?>
<!-- Generated by org.testng.reporters.JUnitXMLReporter -->
<testsuite ignored="0" hostname="NarasingG-QA" failures="2" tests="16" name="Test" time="27.697" errors="0" timestamp="2024-01-09T00:33:01 IST">
  <testcase classname="API_TestCases.Add_Wallet" name="generateOTP" time="6.753"/>
  <testcase classname="API_TestCases.Add_Wallet" name="paytmwallet" time="4.282"/>
  <testcase classname="API_TestCases.Add_Wallet" name="paytmwalletsame" time="0.243"/>
  <testcase classname="API_TestCases.Cancel_Redeem" name="cancelredeem" time="0.002">
    <failure type="java.lang.IllegalArgumentException" message="Header value cannot be null">
      <![CDATA[java.lang.IllegalArgumentException: Header value cannot be null
at org.codehaus.groovy.runtime.callsite.ConstructorSite$ConstructorSiteNoUnwrap.callConstructor(ConstructorSite.java:86)
at org.codehaus.groovy.runtime.callsite.CallSiteArray.defaultCallConstructor(CallSiteArray.java:57)
at org.codehaus.groovy.runtime.callsite.AbstractCallSite.callConstructor(AbstractCallSite.java:263)
at org.codehaus.groovy.runtime.callsite.AbstractCallSite.callConstructor(AbstractCallSite.java:277)
at io.restassured.internal.common.assertion.AssertParameter.notNull(AssertParameter.groovy:26)
at io.restassured.internal.common.assertion.AssertParameter$notNull.callStatic(Unknown Source)
at org.codehaus.groovy.runtime.callsite.CallSiteArray.defaultCallStatic(CallSiteArray.java:53)
at io.restassured.internal.common.assertion.AssertParameter$notNull.callStatic(Unknown Source)
at io.restassured.internal.RequestSpecificationImpl.header(RequestSpecificationImpl.groovy:869)
at API_TestCases.Cancel_Redeem.cancelredeem(Cancel_Redeem.java:20)
at java.base/java.util.ArrayList.forEach(ArrayList.java:1511)
... Removed 34 stack frames]]>
    </failure>
  </testcase> <!-- cancelredeem -->
  <testcase classname="API_TestCases.Remove_UPI" name="removeupi" time="0.001">
    <failure type="java.lang.IllegalArgumentException" message="Header value cannot be null">
      <![CDATA[java.lang.IllegalArgumentException: Header value cannot be null
at org.codehaus.groovy.runtime.callsite.ConstructorSite$ConstructorSiteNoUnwrap.callConstructor(ConstructorSite.java:86)
at org.codehaus.groovy.runtime.callsite.AbstractCallSite.callConstructor(AbstractCallSite.java:277)
at io.restassured.internal.common.assertion.AssertParameter.notNull(AssertParameter.groovy:26)
at io.restassured.internal.common.assertion.AssertParameter$notNull.callStatic(Unknown Source)
at org.codehaus.groovy.runtime.callsite.CallSiteArray.defaultCallStatic(CallSiteArray.java:53)
at io.restassured.internal.common.assertion.AssertParameter$notNull.callStatic(Unknown Source)
at io.restassured.internal.RequestSpecificationImpl.header(RequestSpecificationImpl.groovy:869)
at API_TestCases.Remove_UPI.removeupi(Remove_UPI.java:22)
at java.base/java.util.ArrayList.forEach(ArrayList.java:1511)
... Removed 34 stack frames]]>
    </failure>
  </testcase> <!-- removeupi -->
  <testcase classname="API_TestCases.Remove_Wallet" name="generateOTP" time="0.517"/>
  <testcase classname="API_TestCases.Remove_Wallet" name="removewallet" time="3.941"/>
  <testcase classname="API_TestCases.Place_Redeem" name="generateOTP" time="0.488"/>
  <testcase classname="API_TestCases.Place_Redeem" name="placeredeem" time="3.172"/>
  <testcase classname="API_TestCases.Place_Redeem" name="emialverification" time="2.824"/>
  <testcase classname="API_TestCases.Add_UPI" name="generateOTP" time="0.487"/>
  <testcase classname="API_TestCases.Add_UPI" name="addupi" time="0.288"/>
  <testcase classname="API_TestCases.Redeem_Details" name="generateOTP" time="0.612"/>
  <testcase classname="API_TestCases.Redeem_Details" name="redeemdetails" time="3.234"/>
  <testcase classname="API_TestCases.Login_With_OTP" name="generateOTP" time="0.173"/>
  <testcase classname="API_TestCases.Login_With_OTP" name="enterOTP" time="0.601"/>
</testsuite> <!-- Test -->
